Arguments: 
  /usr/local/Cellar/node/12.11.1/bin/node /usr/local/Cellar/yarn/1.19.0/libexec/bin/yarn.js watch

PATH: 
  /Users/willsonsmith/.deno/bin:/Users/willsonsmith/.cargo/bin:/Applications/Postgres.app/Contents/Versions/9.4/bin:/usr/local/sbin:/usr/local/bin:/usr/local/bin:/usr/bin:/bin:/usr/sbin:/sbin:/Library/Apple/usr/bin:/Library/Apple/bin:/usr/local/MacGPG2/bin:/Users/willsonsmith/.deno/bin:/Users/willsonsmith/.cargo/bin:/Applications/Postgres.app/Contents/Versions/9.4/bin:/usr/local/sbin

Yarn version: 
  1.19.0

Node version: 
  12.11.1

Platform: 
  darwin x64

Trace: 
  SyntaxError: /Users/willsonsmith/Projects/dev/games/tic/hello_world/package.json: Unexpected string in JSON at position 157
      at JSON.parse (<anonymous>)
      at /usr/local/Cellar/yarn/1.19.0/libexec/lib/cli.js:1625:59
      at Generator.next (<anonymous>)
      at step (/usr/local/Cellar/yarn/1.19.0/libexec/lib/cli.js:304:30)
      at /usr/local/Cellar/yarn/1.19.0/libexec/lib/cli.js:315:13

npm manifest: 
  {
    "name": "hello_world",
    "version": "1.0.0",
    "main": "index.js",
    "license": "MIT",
    "scripts": {
      "watch": "tstl -p tsconfig.json --watch"
    }
    "dependencies": {
      "typescript-to-lua": "^0.28.0"
    }
  }

yarn manifest: 
  No manifest

Lockfile: 
  # THIS IS AN AUTOGENERATED FILE. DO NOT EDIT THIS FILE DIRECTLY.
  # yarn lockfile v1
  
  
  path-parse@^1.0.6:
    version "1.0.6"
    resolved "https://registry.yarnpkg.com/path-parse/-/path-parse-1.0.6.tgz#d62dbb5679405d72c4737ec58600e9ddcf06d24c"
    integrity sha512-GSmOT2EbHrINBf9SR7CDELwlJ8AENk3Qn7OikK4nFYAu3Ote2+JYNVvkpAEQm3/TLNEJFD/xZJjzyxg3KBWOzw==
  
  resolve@^1.11.0:
    version "1.12.0"
    resolved "https://registry.yarnpkg.com/resolve/-/resolve-1.12.0.tgz#3fc644a35c84a48554609ff26ec52b66fa577df6"
    integrity sha512-B/dOmuoAik5bKcD6s6nXDCjzUKnaDvdkRyAk6rsmsKLipWj4797iothd7jmmUhWTfinVMU+wc56rYKsit2Qy4w==
    dependencies:
      path-parse "^1.0.6"
  
  source-map@^0.7.3:
    version "0.7.3"
    resolved "https://registry.yarnpkg.com/source-map/-/source-map-0.7.3.tgz#5302f8169031735226544092e64981f751750383"
    integrity sha512-CkCj6giN3S+n9qrYiBTX5gystlENnRW5jZeNLHpe6aue+SrHcG5VYwujhW9s4dY31mEGsxBDrHR6oI69fTXsaQ==
  
  typescript-to-lua@^0.28.0:
    version "0.28.0"
    resolved "https://registry.yarnpkg.com/typescript-to-lua/-/typescript-to-lua-0.28.0.tgz#d2b82317b5f8cf773c94ba12b09e43ca1c5a5ad0"
    integrity sha512-pwfkftKvGEE2FUcw1wF7zlQqkr5HFXMAf8TlI+dG4MQ5QFblzWl1jpVhleZBl9/NPM2301pqp0HwLjdfayFbVQ==
    dependencies:
      resolve "^1.11.0"
      source-map "^0.7.3"
      typescript "^3.6.2"
  
  typescript@^3.6.2:
    version "3.6.4"
    resolved "https://registry.yarnpkg.com/typescript/-/typescript-3.6.4.tgz#b18752bb3792bc1a0281335f7f6ebf1bbfc5b91d"
    integrity sha512-unoCll1+l+YK4i4F8f22TaNVPRHcD9PA3yCuZ8g5e0qGqlVlJ/8FSateOLLSagn+Yg5+ZwuPkL8LFUc0Jcvksg==
